epoch,dense_3_accuracy,dense_3_loss,dense_6_accuracy,dense_6_loss,loss,val_dense_3_accuracy,val_dense_3_loss,val_dense_6_accuracy,val_dense_6_loss,val_loss
0,0.8571805357933044,0.512298047542572,0.8219462633132935,0.3953401446342468,0.907638430595398,0.8535040616989136,0.5202003121376038,0.896284818649292,0.24932953715324402,0.7695297598838806
1,0.8588692545890808,0.5045238733291626,0.9128201603889465,0.22366103529930115,0.7281848192214966,0.8535040616989136,0.517453670501709,0.8995919227600098,0.24870441854000092,0.7661581635475159
2,0.8588692545890808,0.5015234351158142,0.9196277856826782,0.20744898915290833,0.7089725136756897,0.8535040616989136,0.5120365023612976,0.9062764048576355,0.22852978110313416,0.7405662536621094
3,0.8588692545890808,0.49215593934059143,0.9189944863319397,0.20646806061267853,0.6986237168312073,0.8535040616989136,0.490127295255661,0.9152828454971313,0.2128342092037201,0.7029614448547363
4,0.8588692545890808,0.4851020872592926,0.9220025539398193,0.20239776372909546,0.6874996423721313,0.8535040616989136,0.49025630950927734,0.9225302338600159,0.2009742259979248,0.6912304759025574
5,0.8588692545890808,0.4803890287876129,0.921474814414978,0.20282374322414398,0.68321293592453,0.8535040616989136,0.48443666100502014,0.9230931401252747,0.19325898587703705,0.677695631980896
6,0.8588692545890808,0.48063600063323975,0.9226006269454956,0.19887752830982208,0.6795139908790588,0.8535040616989136,0.4931867718696594,0.9205600619316101,0.1974940448999405,0.6906809210777283
7,0.8588868379592896,0.4774930477142334,0.9220728874206543,0.19951680302619934,0.6770097613334656,0.8535040616989136,0.48297128081321716,0.9162679314613342,0.20896781980991364,0.6919389367103577
8,0.8588516712188721,0.47416743636131287,0.9254327416419983,0.1944788247346878,0.6686463356018066,0.8535040616989136,0.47901734709739685,0.9237967729568481,0.1912095546722412,0.6702269911766052
9,0.8588516712188721,0.47353094816207886,0.9252216219902039,0.19398149847984314,0.667512059211731,0.8533633351325989,0.4871309697628021,0.9177455902099609,0.20648065209388733,0.6936116814613342
10,0.8589220643043518,0.4739786386489868,0.9250633120536804,0.19326899945735931,0.6672477126121521,0.8534337282180786,0.4813709855079651,0.924781858921051,0.19181327521800995,0.6731842756271362
11,0.8587989211082458,0.4724924564361572,0.924236536026001,0.1947406828403473,0.6672332882881165,0.8535040616989136,0.49162593483924866,0.9189417362213135,0.2016192525625229,0.6932453513145447
12,0.8589220643043518,0.47032999992370605,0.9255030751228333,0.19282266497612,0.6631522178649902,0.8535040616989136,0.4789026081562042,0.9150717854499817,0.20930463075637817,0.6882071495056152
13,0.8589220643043518,0.46817299723625183,0.9252040386199951,0.193606436252594,0.6617794632911682,0.8535040616989136,0.4724370241165161,0.9209822416305542,0.1996566653251648,0.6720936894416809
14,0.858974814414978,0.4664217233657837,0.9272446036338806,0.1895374357700348,0.6559590697288513,0.8535040616989136,0.4763374328613281,0.9236560463905334,0.19355705380439758,0.6698944568634033
15,0.8590275645256042,0.4656250476837158,0.926118791103363,0.1904793679714203,0.6561047434806824,0.853715181350708,0.4781019687652588,0.8732057213783264,0.32540807127952576,0.8035096526145935
16,0.8591507077217102,0.46194836497306824,0.9241837859153748,0.19348935782909393,0.6554376482963562,0.8535040616989136,0.5142689943313599,0.919575035572052,0.20334281027317047,0.7176116108894348
17,0.8592386841773987,0.46244657039642334,0.9269983172416687,0.18824021518230438,0.6506869792938232,0.8547706007957458,0.4657483398914337,0.9238671660423279,0.19345897436141968,0.6592074036598206
18,0.8598719239234924,0.45880401134490967,0.9271566271781921,0.18722575902938843,0.6460298895835876,0.8570926189422607,0.4703916311264038,0.9268224239349365,0.1870436817407608,0.6574351787567139
19,0.8607338666915894,0.45463821291923523,0.9273677468299866,0.18752123415470123,0.642159640789032,0.8554039001464844,0.47046250104904175,0.9251337051391602,0.18797104060649872,0.6584334373474121
20,0.8604876399040222,0.4544844329357147,0.925696611404419,0.18882806599140167,0.6433127522468567,0.8547002673149109,0.46846067905426025,0.89023357629776,0.24819712340831757,0.7166579961776733
21,0.8612616062164307,0.4523826837539673,0.9270159006118774,0.18735724687576294,0.639739990234375,0.8566000461578369,0.4650663435459137,0.9192231893539429,0.20286668837070465,0.6679331660270691
22,0.8615606427192688,0.4512821137905121,0.9270686507225037,0.18771988153457642,0.6390020847320557,0.8566000461578369,0.45672687888145447,0.9050801992416382,0.22535152733325958,0.6820782423019409
23,0.8621763586997986,0.4480520188808441,0.9289860725402832,0.1843443065881729,0.6323965191841125,0.856529712677002,0.46349528431892395,0.924289345741272,0.18779493868350983,0.6512899994850159
24,0.8625105619430542,0.4468766152858734,0.9270159006118774,0.1880127191543579,0.6348896026611328,0.8554742336273193,0.47154316306114197,0.9204193353652954,0.2024105340242386,0.6739538908004761
25,0.8627568483352661,0.4451026916503906,0.9268400073051453,0.18604595959186554,0.6311483979225159,0.8568111658096313,0.45972126722335815,0.9213340878486633,0.1972721368074417,0.6569932699203491
26,0.8639178276062012,0.43895792961120605,0.9283527731895447,0.18358220160007477,0.6225401163101196,0.8568814992904663,0.46642962098121643,0.9278778433799744,0.1838592141866684,0.6502891778945923
27,0.8633197546005249,0.4404701590538025,0.9287397861480713,0.18254493176937103,0.6230148673057556,0.8601885437965393,0.44578343629837036,0.9237264394760132,0.1919824481010437,0.6377657651901245
28,0.8642696142196655,0.4371837079524994,0.9294610023498535,0.18102817237377167,0.6182118654251099,0.8600478172302246,0.4408501386642456,0.9197860956192017,0.20034310221672058,0.6411930322647095
29,0.8654658198356628,0.43436217308044434,0.9293906688690186,0.18216082453727722,0.616523265838623,0.8607514500617981,0.4405462145805359,0.9267520308494568,0.18335425853729248,0.6239005327224731
30,0.8666092157363892,0.4305482506752014,0.928810179233551,0.18152835965156555,0.6120766997337341,0.860258936882019,0.44078773260116577,0.9269631505012512,0.18247389793395996,0.6232616305351257
31,0.8670313954353333,0.4292161762714386,0.9277019500732422,0.18400199711322784,0.6132181882858276,0.859836757183075,0.44017311930656433,0.921474814414978,0.20490674674510956,0.6450799107551575
32,0.8681923747062683,0.42431730031967163,0.9291267991065979,0.18344305455684662,0.6077600121498108,0.8618772625923157,0.43710458278656006,0.9262595176696777,0.1822243332862854,0.6193289756774902
33,0.868403434753418,0.42239218950271606,0.9306572079658508,0.17974770069122314,0.6021401286125183,0.8646214604377747,0.43318474292755127,0.9290740489959717,0.18017326295375824,0.6133580803871155
34,0.8688256144523621,0.4198637008666992,0.9295313954353333,0.18131612241268158,0.6011797785758972,0.861736536026001,0.4363839030265808,0.9257669448852539,0.1842445284128189,0.6206284165382385
35,0.8695292472839355,0.4164864420890808,0.932117223739624,0.17674578726291656,0.5932323932647705,0.8626512885093689,0.4404330551624298,0.9231635332107544,0.19652090966701508,0.6369539499282837
36,0.8700569868087769,0.4146312177181244,0.9299359917640686,0.1792682707309723,0.5938993096351624,0.8655361533164978,0.4300572872161865,0.912116527557373,0.22045370936393738,0.650510847568512
37,0.8705319166183472,0.41029998660087585,0.9308682680130005,0.17948144674301147,0.5897817015647888,0.866380512714386,0.42128846049308777,0.9160568714141846,0.20965488255023956,0.6309434771537781
38,0.8714290857315063,0.40963754057884216,0.9313432574272156,0.17806454002857208,0.5877020955085754,0.8647621870040894,0.42300307750701904,0.9287222027778625,0.18142664432525635,0.6044295430183411
39,0.8708310127258301,0.40863218903541565,0.9306572079658508,0.1783967912197113,0.5870288610458374,0.8600478172302246,0.4547486901283264,0.9238671660423279,0.19343869388103485,0.6481874585151672
40,0.8711652159690857,0.4078736901283264,0.9320820569992065,0.1762571483850479,0.5841305255889893,0.8675063252449036,0.4118671715259552,0.9086687564849854,0.22167161107063293,0.6335389018058777
41,0.872308611869812,0.40484344959259033,0.9306923747062683,0.17763164639472961,0.5824751257896423,0.8628623485565186,0.4346948266029358,0.9286518692970276,0.17848210036754608,0.6131767630577087
42,0.8729418516159058,0.4007209241390228,0.9326097369194031,0.17507970333099365,0.5758002996444702,0.8687025308609009,0.4056173264980316,0.9217562675476074,0.19629082083702087,0.601908266544342
43,0.8736631274223328,0.3959340453147888,0.9324338436126709,0.17584681510925293,0.5717806816101074,0.8693357706069946,0.4083976149559021,0.92752605676651,0.18113510310649872,0.5895325541496277
44,0.872977077960968,0.39586499333381653,0.9323107004165649,0.1741497963666916,0.5700146555900574,0.8673655986785889,0.4125412404537201,0.9166901111602783,0.20210076868534088,0.6146418452262878
45,0.875,0.3951314687728882,0.93278568983078,0.17554369568824768,0.5706754326820374,0.8702504634857178,0.4048056900501251,0.9095834493637085,0.22221553325653076,0.6270213723182678
46,0.8748241066932678,0.3930346369743347,0.9324690699577332,0.17546676099300385,0.5685012936592102,0.8682803511619568,0.41326427459716797,0.9211229681968689,0.19490200281143188,0.6081660985946655
47,0.8758795261383057,0.3898564279079437,0.9331023097038269,0.1730087399482727,0.5628652572631836,0.8718688488006592,0.398158460855484,0.9295665621757507,0.17904877662658691,0.5772073268890381
48,0.8760202527046204,0.38502076268196106,0.9332078695297241,0.1729448288679123,0.5579656958580017,0.8705319166183472,0.3971118927001953,0.9302701950073242,0.17405521869659424,0.5711672306060791
49,0.8769877552986145,0.3841131925582886,0.9328384399414062,0.17336365580558777,0.5574767589569092,0.8718688488006592,0.3970574736595154,0.9226709604263306,0.19782760739326477,0.5948849320411682
50,0.8767766952514648,0.383215993642807,0.93278568983078,0.17350518703460693,0.5567213892936707,0.8653954267501831,0.41460758447647095,0.9154939651489258,0.2135848104953766,0.6281924247741699
51,0.8783422708511353,0.3772483468055725,0.9333133697509766,0.1734800934791565,0.5507284998893738,0.8746129870414734,0.3909604549407959,0.9257669448852539,0.1799895316362381,0.5709500908851624
52,0.8779904246330261,0.37558215856552124,0.9354594945907593,0.16908106207847595,0.5446630716323853,0.8678581714630127,0.403813898563385,0.9338586926460266,0.17158709466457367,0.5754010081291199
53,0.8782015442848206,0.37694352865219116,0.9350724816322327,0.17000606656074524,0.5469496846199036,0.8718688488006592,0.39677128195762634,0.9317477941513062,0.17052061855793,0.5672916173934937
54,0.88025963306427,0.3699108064174652,0.9345447421073914,0.17019301652908325,0.5401037931442261,0.8706023097038269,0.4092399775981903,0.920067548751831,0.199707493185997,0.6089475750923157
55,0.8791689872741699,0.3716309666633606,0.9344391822814941,0.16979922354221344,0.5414301156997681,0.8755277395248413,0.3793005347251892,0.9310441613197327,0.1709023267030716,0.5502030849456787
56,0.8811743855476379,0.3650309145450592,0.9349141716957092,0.16824068129062653,0.5332713723182678,0.8725020885467529,0.3873913884162903,0.9310441613197327,0.1842164695262909,0.5716080069541931
57,0.8808049559593201,0.366805762052536,0.9336652159690857,0.17085011303424835,0.5376556515693665,0.8739797472953796,0.38864606618881226,0.9292147755622864,0.17657306790351868,0.5652192234992981
58,0.8804883360862732,0.36771318316459656,0.9356178045272827,0.167841374874115,0.5355544686317444,0.8767238855361938,0.3797663450241089,0.9315367341041565,0.1741538941860199,0.5539201498031616
59,0.8821594715118408,0.36181750893592834,0.9357233047485352,0.1687203049659729,0.5305376648902893,0.8740500807762146,0.39072564244270325,0.9313256144523621,0.17548450827598572,0.566210150718689
60,0.8829158544540405,0.36012110114097595,0.9353187680244446,0.168091282248497,0.5282123684883118,0.8684914112091064,0.3934498727321625,0.925696611404419,0.18573103845119476,0.5791810154914856
61,0.8830565810203552,0.35629960894584656,0.9357936978340149,0.16650381684303284,0.5228031277656555,0.8702504634857178,0.4045187532901764,0.9279482364654541,0.18218296766281128,0.5867018699645996
62,0.8826344013214111,0.35953453183174133,0.9355298280715942,0.1682962030172348,0.5278307795524597,0.8744722604751587,0.3790911138057709,0.9335069060325623,0.1674099713563919,0.5465010404586792
63,0.8848332166671753,0.3519325852394104,0.9365324974060059,0.1666179746389389,0.5185506939888,0.8719391822814941,0.39169108867645264,0.9314663410186768,0.1696353256702423,0.5613263845443726
64,0.8857831358909607,0.34825393557548523,0.9366380572319031,0.16530132293701172,0.5135552883148193,0.8774979114532471,0.37870484590530396,0.9328032732009888,0.16897302865982056,0.5476780533790588
65,0.8863987922668457,0.34857746958732605,0.9361454844474792,0.16638727486133575,0.5149645805358887,0.877075731754303,0.38079994916915894,0.9313256144523621,0.16855958104133606,0.5493597388267517
66,0.8873838782310486,0.3425290286540985,0.9372009634971619,0.16313683986663818,0.5056660175323486,0.8800309300422668,0.3664838969707489,0.9292147755622864,0.17986507713794708,0.5463491082191467
67,0.8886504173278809,0.3429642617702484,0.9377287030220032,0.16307109594345093,0.5060352683067322,0.8726428151130676,0.3865756094455719,0.9292851090431213,0.1806982308626175,0.567273736000061
68,0.8887735605239868,0.3395198583602905,0.9367436170578003,0.16438348591327667,0.5039029717445374,0.87848299741745,0.36421605944633484,0.9339994192123413,0.16314947605133057,0.5273655652999878
69,0.8894596099853516,0.33573049306869507,0.9386609792709351,0.16154593229293823,0.4972764253616333,0.8770053386688232,0.3796650171279907,0.9242189526557922,0.190606489777565,0.570271372795105
70,0.8880171775817871,0.3388318717479706,0.9385730624198914,0.16098546981811523,0.49981769919395447,0.8793273568153381,0.3713124394416809,0.9295665621757507,0.1743953377008438,0.5457077026367188
71,0.8910427689552307,0.33317533135414124,0.9373592734336853,0.16253326833248138,0.4957083761692047,0.8838305473327637,0.357515424489975,0.9282296895980835,0.18315017223358154,0.5406655669212341
72,0.89023357629776,0.3298550248146057,0.9376407265663147,0.16250739991664886,0.4923626184463501,0.8830565810203552,0.35447412729263306,0.9334365129470825,0.16863907873630524,0.5231131911277771
73,0.8909900188446045,0.3278079628944397,0.9374472498893738,0.16143685579299927,0.48924490809440613,0.8809456825256348,0.3657660186290741,0.9323810935020447,0.17742383480072021,0.5431898236274719
74,0.8923444747924805,0.3247120678424835,0.937992513179779,0.16105836629867554,0.4857703149318695,0.8860821723937988,0.357382595539093,0.9188714027404785,0.19308051466941833,0.550463080406189
75,0.8915529251098633,0.3260113298892975,0.9383091926574707,0.16055810451507568,0.48656949400901794,0.8820714950561523,0.3558405339717865,0.9321699738502502,0.17344629764556885,0.5292868614196777
76,0.8940507769584656,0.3194115459918976,0.9373944401741028,0.16216227412223816,0.4815736413002014,0.8855896592140198,0.3516058027744293,0.9342105388641357,0.17009326815605164,0.5216989517211914
77,0.8936814069747925,0.32087841629981995,0.9389248490333557,0.15957212448120117,0.4804505705833435,0.8854489326477051,0.346680223941803,0.9368139505386353,0.15988735854625702,0.5065677762031555
78,0.8954580426216125,0.3129844665527344,0.9392414689064026,0.15859240293502808,0.47157642245292664,0.8833380341529846,0.3541634678840637,0.9313960075378418,0.1740894764661789,0.5282529592514038
79,0.8957747220993042,0.3120722770690918,0.9388192892074585,0.15827131271362305,0.47034358978271484,0.8803123831748962,0.3634950816631317,0.9384323358535767,0.15705271065235138,0.5205478072166443
80,0.8961440920829773,0.3132740259170532,0.9395581483840942,0.15736079216003418,0.47063493728637695,0.889670729637146,0.3327634632587433,0.9358288645744324,0.16369391977787018,0.49645739793777466
81,0.8980966806411743,0.3060745298862457,0.9395405054092407,0.15719470381736755,0.46326944231987,0.8907964825630188,0.3265729546546936,0.9342808723449707,0.16442225873470306,0.4909954071044922
82,0.8980439305305481,0.3058648705482483,0.938291609287262,0.15919797122478485,0.46506279706954956,0.8905854225158691,0.32977932691574097,0.9354066848754883,0.16257153451442719,0.49235084652900696
83,0.8995566964149475,0.3014611601829529,0.9410709142684937,0.15456949174404144,0.45603063702583313,0.882282555103302,0.36650142073631287,0.9360399842262268,0.16129310429096222,0.5277945399284363
84,0.8991697430610657,0.3015555143356323,0.9399099349975586,0.15732023119926453,0.4588758051395416,0.8872079849243164,0.34390556812286377,0.9383619427680969,0.15623998641967773,0.5001454949378967
85,0.899644672870636,0.29961714148521423,0.9391359686851501,0.15761668980121613,0.45723363757133484,0.8893892765045166,0.33514586091041565,0.9363214373588562,0.16127774119377136,0.4964236319065094
86,0.9001724123954773,0.2945253849029541,0.9398043751716614,0.15573780238628387,0.45026320219039917,0.8912186622619629,0.330670565366745,0.9285814762115479,0.1784137338399887,0.5090843439102173
87,0.9019842147827148,0.2926156222820282,0.938784122467041,0.1566644012928009,0.4492802023887634,0.893470287322998,0.3192196786403656,0.9346327185630798,0.17054568231105804,0.48976534605026245
88,0.9006473422050476,0.29231709241867065,0.9404552578926086,0.15425661206245422,0.44657403230667114,0.8893892765045166,0.344746857881546,0.9237264394760132,0.19210398197174072,0.5368509888648987
89,0.9031100273132324,0.28635579347610474,0.9404376745223999,0.15508338809013367,0.4414392411708832,0.8904446959495544,0.33220142126083374,0.9313960075378418,0.1722521036863327,0.5044534802436829
90,0.9040423631668091,0.2856365442276001,0.9413347840309143,0.15378250181674957,0.4394190311431885,0.8948072195053101,0.31816571950912476,0.9391359686851501,0.15508721768856049,0.47325289249420166
91,0.905695915222168,0.2782229781150818,0.940930187702179,0.1553741991519928,0.4335973262786865,0.892977774143219,0.3328186869621277,0.9368139505386353,0.15918320417404175,0.49200186133384705
92,0.9043062329292297,0.28074198961257935,0.9421791434288025,0.1510915458202362,0.43183356523513794,0.8918519616127014,0.3245854079723358,0.9380804896354675,0.1556050330400467,0.4801905155181885
93,0.9063819050788879,0.2757030427455902,0.9419152736663818,0.15248292684555054,0.42818620800971985,0.8969181180000305,0.31184616684913635,0.9407542943954468,0.15608562529087067,0.46793168783187866
94,0.9085103869438171,0.27153050899505615,0.9417745471000671,0.15280315279960632,0.42433393001556396,0.8939628601074219,0.32007136940956116,0.9373065233230591,0.1584782898426056,0.4785497784614563
95,0.9057838320732117,0.2728962004184723,0.941405177116394,0.15219978988170624,0.42509564757347107,0.8971995711326599,0.3126489520072937,0.9191528558731079,0.1976356953382492,0.5102845430374146
96,0.9096890091896057,0.2659592628479004,0.9414930939674377,0.15120889246463776,0.4171682298183441,0.8975513577461243,0.31070002913475037,0.9330143332481384,0.16800357401371002,0.47870349884033203
97,0.909002959728241,0.26792824268341064,0.9413875341415405,0.15376892685890198,0.42169708013534546,0.8993808031082153,0.3065187633037567,0.9332254528999329,0.16772104799747467,0.47423961758613586
98,0.9098649024963379,0.2633056342601776,0.9417217969894409,0.15184426307678223,0.41515007615089417,0.8867858052253723,0.36073237657546997,0.9399803280830383,0.1527666300535202,0.5134992003440857
99,0.9097241759300232,0.26093223690986633,0.9430762529373169,0.15088464319705963,0.41181680560112,0.9008584022521973,0.29538843035697937,0.9404728412628174,0.1527058184146881,0.44809406995773315
100,0.9117999076843262,0.25564417243003845,0.9426716566085815,0.1493505984544754,0.4049946665763855,0.8983253836631775,0.3107130229473114,0.9272446036338806,0.17614197731018066,0.48685500025749207
101,0.9108148217201233,0.25914645195007324,0.943551242351532,0.14926119148731232,0.40840789675712585,0.89952152967453,0.302463561296463,0.9379397630691528,0.15786129236221313,0.46032485365867615
102,0.9137700796127319,0.25117793679237366,0.9430235028266907,0.1482594758272171,0.39943742752075195,0.9040247797966003,0.28763070702552795,0.9358992576599121,0.16428536176681519,0.45191603899002075
103,0.9123275876045227,0.25244709849357605,0.9437974691390991,0.14633862674236298,0.3987857401371002,0.89952152967453,0.30695071816444397,0.9388545155525208,0.1580391377210617,0.46498966217041016
104,0.914807915687561,0.24811463057994843,0.9445714950561523,0.1470542997121811,0.39516907930374146,0.900999128818512,0.3043001592159271,0.9394174218177795,0.15465621650218964,0.45895645022392273
105,0.9153356552124023,0.245493546128273,0.9426189064979553,0.14869853854179382,0.3941919803619385,0.893470287322998,0.31807324290275574,0.9404024481773376,0.15556252002716064,0.4736356735229492
106,0.9157401919364929,0.24122202396392822,0.9436743855476379,0.1472056657075882,0.3884277045726776,0.9000844359397888,0.30593836307525635,0.9206304550170898,0.18607977032661438,0.4920181930065155
107,0.9171474575996399,0.23928038775920868,0.944166898727417,0.1468532383441925,0.3861335515975952,0.893048107624054,0.32629022002220154,0.9423022866249084,0.14916160702705383,0.4754517376422882
108,0.9165493845939636,0.24012050032615662,0.9432522058486938,0.1480727642774582,0.38819342851638794,0.9032507538795471,0.2977544665336609,0.9349845051765442,0.16722819209098816,0.4649825990200043
109,0.9184492230415344,0.23369291424751282,0.9423550367355347,0.14902986586093903,0.3827230632305145,0.9007176756858826,0.3021991550922394,0.940191388130188,0.15210406482219696,0.45430317521095276
110,0.9194694757461548,0.23153266310691833,0.9454158544540405,0.14490948617458344,0.37644195556640625,0.8967773914337158,0.32280659675598145,0.9418097138404846,0.1527280956506729,0.47553467750549316
111,0.9198564887046814,0.23010125756263733,0.9428300261497498,0.1487455517053604,0.3788467347621918,0.8987475633621216,0.31399741768836975,0.9427244663238525,0.15264791250228882,0.46664518117904663
112,0.9203665852546692,0.22948940098285675,0.9439030289649963,0.1471785604953766,0.3766677677631378,0.9061356782913208,0.28816869854927063,0.942091166973114,0.15136609971523285,0.4395348131656647
113,0.9210174679756165,0.22676493227481842,0.943428099155426,0.1466427445411682,0.37340784072875977,0.9069096446037292,0.28802427649497986,0.9396284818649292,0.15545101463794708,0.4434753954410553
114,0.9216331243515015,0.22249868512153625,0.9452399611473083,0.14390598237514496,0.36640453338623047,0.906980037689209,0.2883971035480499,0.9397692084312439,0.15443463623523712,0.4428316652774811
115,0.9228644967079163,0.22033829987049103,0.9439910054206848,0.1465909481048584,0.36692920327186584,0.9007176756858826,0.30784499645233154,0.9451871514320374,0.1445041447877884,0.45234909653663635
116,0.9237967729568481,0.21906861662864685,0.946189820766449,0.14173749089241028,0.36080604791641235,0.9095834493637085,0.28207963705062866,0.9445539116859436,0.14746767282485962,0.4295472800731659
117,0.9238319993019104,0.21865324676036835,0.9451344013214111,0.14537319540977478,0.36402639746665955,0.9050801992416382,0.29386821389198303,0.9381508827209473,0.15915824472904205,0.4530264735221863
118,0.9244652390480042,0.21551424264907837,0.9446946382522583,0.14490725100040436,0.3604212701320648,0.9034618735313416,0.2931901514530182,0.9431466460227966,0.1475784033536911,0.4407685399055481
119,0.9242717623710632,0.21327435970306396,0.9457324743270874,0.14312677085399628,0.3564010262489319,0.9053616523742676,0.2915278971195221,0.9441317319869995,0.14988015592098236,0.44140803813934326
120,0.9276667833328247,0.20846004784107208,0.9433049559593201,0.14700756967067719,0.3554675877094269,0.9039543867111206,0.29986417293548584,0.942091166973114,0.14851655066013336,0.448380708694458
121,0.9276491403579712,0.20639744400978088,0.9455917477607727,0.14330540597438812,0.349702924489975,0.9047284126281738,0.28352704644203186,0.9456797242164612,0.14612342417240143,0.42965060472488403
122,0.928880512714386,0.20270225405693054,0.9459435939788818,0.14201384782791138,0.34471625089645386,0.9118350744247437,0.2767464816570282,0.9425837397575378,0.14732006192207336,0.4240666329860687
123,0.9291092157363892,0.20230892300605774,0.9468407034873962,0.1407477706670761,0.34305673837661743,0.9077540040016174,0.2829297184944153,0.9405431747436523,0.15472064912319183,0.4376503825187683
124,0.9283176064491272,0.20061498880386353,0.946189820766449,0.13979174196720123,0.3404071033000946,0.9064874649047852,0.2877703905105591,0.9395581483840942,0.15222615003585815,0.4399966895580292
125,0.9303933382034302,0.19915702939033508,0.9454334378242493,0.14183413982391357,0.34099113941192627,0.9115536212921143,0.27636098861694336,0.9433577060699463,0.14638127386569977,0.4227422773838043
126,0.9310618042945862,0.1970180720090866,0.9451871514320374,0.142937570810318,0.33995577692985535,0.9145088791847229,0.2703070342540741,0.9451871514320374,0.14414635300636292,0.4144534170627594
127,0.9331550598144531,0.1908978968858719,0.9449232816696167,0.14341017603874207,0.33430802822113037,0.9096538424491882,0.28467923402786255,0.9397692084312439,0.15169616043567657,0.43637537956237793
128,0.9324514269828796,0.19165858626365662,0.9460139274597168,0.14238078892230988,0.33403950929641724,0.9034618735313416,0.3060677945613861,0.9439910054206848,0.1498250514268875,0.4558928310871124
129,0.9325921535491943,0.1902938038110733,0.9474211931228638,0.13808073103427887,0.32837459444999695,0.9101463556289673,0.28304967284202576,0.9426540732383728,0.14620786905288696,0.4292573034763336
130,0.9345271587371826,0.18453314900398254,0.9468055367469788,0.14022430777549744,0.32475724816322327,0.9099352955818176,0.2784140706062317,0.9427947998046875,0.14948001503944397,0.42789411544799805
131,0.934685468673706,0.18465566635131836,0.9477026462554932,0.13857316970825195,0.32322874665260315,0.9112721681594849,0.2698518633842468,0.9399099349975586,0.15567420423030853,0.42552608251571655
132,0.9360399842262268,0.18095751106739044,0.9456797242164612,0.14066524803638458,0.32162293791770935,0.9077540040016174,0.2845287024974823,0.9398396015167236,0.156046062707901,0.44057485461235046
133,0.9356178045272827,0.18102814257144928,0.9478433728218079,0.1382894665002823,0.31931769847869873,0.9117646813392639,0.2756575345993042,0.9472980499267578,0.14213518798351288,0.4177926778793335
134,0.934931755065918,0.1808849424123764,0.9468407034873962,0.1390974372625351,0.31998226046562195,0.9011398553848267,0.30417513847351074,0.9440613389015198,0.1453699916601181,0.44954511523246765
135,0.9377638697624207,0.17467622458934784,0.9465416669845581,0.1405079960823059,0.31518393754959106,0.911694347858429,0.28013598918914795,0.9396284818649292,0.1606540083885193,0.44078999757766724
136,0.9379749298095703,0.17331723868846893,0.9481951594352722,0.13845689594745636,0.31177404522895813,0.9099352955818176,0.2812088131904602,0.944835364818573,0.15214803814888,0.43335697054862976
137,0.9388368725776672,0.1726190745830536,0.9484062790870667,0.13882403075695038,0.3114432096481323,0.9099352955818176,0.28927046060562134,0.9451871514320374,0.14271770417690277,0.4319881796836853
138,0.9389600157737732,0.17009298503398895,0.9484414458274841,0.13594980537891388,0.3060426115989685,0.9104981422424316,0.27802199125289917,0.9430059194564819,0.14704515039920807,0.425067275762558
139,0.9403672814369202,0.16825398802757263,0.9484942555427551,0.13777554035186768,0.30602943897247314,0.9141570329666138,0.2744543254375458,0.9437798857688904,0.14456984400749207,0.4190240502357483
140,0.9400858283042908,0.1685895174741745,0.9489516019821167,0.13664984703063965,0.3052394986152649,0.9159864783287048,0.26697832345962524,0.9365324974060059,0.1598428338766098,0.42682120203971863
141,0.9415106773376465,0.162612184882164,0.9480368494987488,0.1360383778810501,0.29865044355392456,0.9140866994857788,0.2856016457080841,0.9418801069259644,0.1506303995847702,0.4362318813800812
142,0.9433225393295288,0.1606212854385376,0.9473860263824463,0.13652735948562622,0.29714855551719666,0.9096538424491882,0.29095542430877686,0.9411060810089111,0.15163864195346832,0.442594051361084
143,0.9422318935394287,0.16266131401062012,0.9479840993881226,0.13601864874362946,0.2986801266670227,0.9165493845939636,0.26500529050827026,0.9416689872741699,0.14952675998210907,0.41453197598457336
144,0.9442196488380432,0.15581294894218445,0.948687732219696,0.13554130494594574,0.2913542687892914,0.9138052463531494,0.27615177631378174,0.946735143661499,0.14167489111423492,0.41782668232917786
145,0.9435688257217407,0.15725325047969818,0.9484590291976929,0.13516823947429657,0.2924213409423828,0.9145792126655579,0.2759358286857605,0.9426540732383728,0.15021653473377228,0.42615246772766113
146,0.945327877998352,0.1536392718553543,0.9472628831863403,0.13723906874656677,0.29087844491004944,0.9140866994857788,0.27808478474617004,0.9493386149406433,0.13842928409576416,0.4165140688419342
147,0.9457852244377136,0.15099860727787018,0.9491626620292664,0.1332264542579651,0.2842250168323517,0.9134534001350403,0.2783631980419159,0.9349141716957092,0.1681826263666153,0.44654586911201477
148,0.9471573233604431,0.14736706018447876,0.9500246047973633,0.1329488903284073,0.2803157866001129,0.9114128947257996,0.27877867221832275,0.9487053155899048,0.13714100420475006,0.415919691324234
149,0.9487757086753845,0.14393673837184906,0.9493209719657898,0.1328016221523285,0.2767384350299835,0.9057838320732117,0.29508671164512634,0.9483535289764404,0.13543462753295898,0.4305213987827301
150,0.9456973075866699,0.15001440048217773,0.9502005577087402,0.13226047158241272,0.28227484226226807,0.9146496057510376,0.27104657888412476,0.9427947998046875,0.14899352192878723,0.4200400412082672
151,0.948810875415802,0.14430837333202362,0.9500246047973633,0.1327546238899231,0.2770631015300751,0.9190121293067932,0.2674071192741394,0.9470165967941284,0.14055992662906647,0.40796706080436707
152,0.9498838782310486,0.1398383229970932,0.9483886957168579,0.13503052294254303,0.27486875653266907,0.9183788299560547,0.2674157917499542,0.9458204507827759,0.1429518461227417,0.41036757826805115
153,0.9510625004768372,0.1376664936542511,0.9503236413002014,0.13152404129505157,0.26919060945510864,0.9158457517623901,0.2739866375923157,0.945327877998352,0.14147676527500153,0.4154634475708008
154,0.950710654258728,0.13666214048862457,0.9495145082473755,0.1336628794670105,0.27032506465911865,0.9140866994857788,0.2756812274456024,0.9436391592025757,0.14415770769119263,0.41983896493911743
155,0.9521530866622925,0.1352645456790924,0.9496024250984192,0.13041722774505615,0.2656816244125366,0.9064171314239502,0.2891524136066437,0.9425837397575378,0.15075057744979858,0.43990299105644226
156,0.9498311281204224,0.13802547752857208,0.9502708911895752,0.13106510043144226,0.2690906226634979,0.919575035572052,0.2719000279903412,0.9418097138404846,0.15360786020755768,0.42550793290138245
157,0.9522762298583984,0.13181446492671967,0.9510800838470459,0.12957188487052917,0.2613863945007324,0.9152828454971313,0.27931058406829834,0.9487757086753845,0.13413289189338684,0.4134434461593628
158,0.9529622793197632,0.13101047277450562,0.9510272741317749,0.12875691056251526,0.2597673833370209,0.9119054079055786,0.29719552397727966,0.9411764740943909,0.15217813849449158,0.4493735730648041
159,0.954862117767334,0.12786732614040375,0.950710654258728,0.1295360028743744,0.2574031949043274,0.9171826839447021,0.26952847838401794,0.9421615600585938,0.1436627209186554,0.41319119930267334
160,0.9547565579414368,0.12543156743049622,0.9512383937835693,0.12948870658874512,0.25492027401924133,0.9159864783287048,0.3062942326068878,0.9345623254776001,0.16783884167671204,0.4741331934928894
161,0.9544222950935364,0.12561696767807007,0.9497079849243164,0.12910880148410797,0.25472596287727356,0.9147903323173523,0.2936614453792572,0.9446946382522583,0.14224807918071747,0.4359094202518463
162,0.9572016596794128,0.12179144471883774,0.9510272741317749,0.12908105552196503,0.2508726119995117,0.9119758009910583,0.2921347916126251,0.944835364818573,0.14129945635795593,0.4334341585636139
163,0.9560406804084778,0.12237813323736191,0.9502884745597839,0.1307995617389679,0.25317782163619995,0.9199972152709961,0.268502801656723,0.9350548982620239,0.16015002131462097,0.4286528527736664
164,0.9562869668006897,0.12160763889551163,0.9516781568527222,0.1283523142337799,0.24995985627174377,0.9136645197868347,0.27884238958358765,0.9484942555427551,0.13753168284893036,0.4163740575313568
165,0.9570785164833069,0.11875596642494202,0.9514846801757812,0.12813174724578857,0.24688765406608582,0.9213340878486633,0.2774760127067566,0.9463833570480347,0.13887999951839447,0.41635605692863464
166,0.9555833339691162,0.1222420483827591,0.9518188834190369,0.12774178385734558,0.2499838024377823,0.9162679314613342,0.28235530853271484,0.938784122467041,0.15733908116817474,0.4396944046020508
167,0.9588552117347717,0.11432186514139175,0.9529974460601807,0.12596510350704193,0.2402869462966919,0.9177455902099609,0.27961280941963196,0.949549674987793,0.13391625881195068,0.4135289788246155
168,0.9589431285858154,0.1139565035700798,0.9514142870903015,0.12698684632778168,0.24094346165657043,0.9204897284507751,0.28192469477653503,0.9418097138404846,0.15089735388755798,0.43282198905944824
169,0.9585033655166626,0.1159505546092987,0.952170729637146,0.12656401097774506,0.24251462519168854,0.9178159236907959,0.28782832622528076,0.9482831358909607,0.13743266463279724,0.4252610206604004
170,0.9586265087127686,0.11276667565107346,0.9522058963775635,0.12632884085178375,0.23909559845924377,0.915423572063446,0.29214927554130554,0.9510272741317749,0.12984056770801544,0.4219898581504822
171,0.9618808031082153,0.10800675302743912,0.9524873495101929,0.12588785588741302,0.2338944971561432,0.9164086580276489,0.2933652997016907,0.9488460421562195,0.13731513917446136,0.43068039417266846
172,0.9603152275085449,0.11044470220804214,0.95273357629776,0.12417145818471909,0.23461611568927765,0.9173937439918518,0.2751014828681946,0.9516605734825134,0.13163024187088013,0.4067317843437195
173,0.9612123370170593,0.10833076387643814,0.9518892765045166,0.12670055031776428,0.23503127694129944,0.9178159236907959,0.2802567481994629,0.9480016827583313,0.13799652457237244,0.4182533919811249
174,0.960737407207489,0.10858495533466339,0.9521883130073547,0.12474709004163742,0.23333187401294708,0.9162679314613342,0.29122769832611084,0.9509569406509399,0.12981294095516205,0.42104077339172363
175,0.9633936285972595,0.10140930116176605,0.9531557559967041,0.12321411818265915,0.22462329268455505,0.9157050251960754,0.30855509638786316,0.9494089484214783,0.1366044282913208,0.44515955448150635
176,0.9649767875671387,0.09784447401762009,0.9536659121513367,0.12421243637800217,0.2220567762851715,0.9143681526184082,0.30714401602745056,0.9489164352416992,0.13162831962108612,0.4387723207473755
177,0.9628483057022095,0.10235708951950073,0.9532085657119751,0.12409386783838272,0.22645112872123718,0.9180973768234253,0.28805217146873474,0.9447649717330933,0.14509592950344086,0.4331480860710144
178,0.9651878476142883,0.09651030600070953,0.9530854225158691,0.12456230819225311,0.22107255458831787,0.9174641370773315,0.29583168029785156,0.9422318935394287,0.15015274286270142,0.44598424434661865
179,0.964167594909668,0.10014305263757706,0.954070508480072,0.12266790121793747,0.22281095385551453,0.9169715642929077,0.29010164737701416,0.9522234797477722,0.12533952295780182,0.4154413044452667
180,0.9645194411277771,0.09918629378080368,0.9543519616127014,0.12044781446456909,0.2196340560913086,0.9192231893539429,0.28921523690223694,0.9463833570480347,0.139055073261261,0.42827045917510986
181,0.9655748605728149,0.09464938193559647,0.9538242220878601,0.1209477037191391,0.2155972123146057,0.9080354571342468,0.324556440114975,0.9491978883743286,0.13155744969844818,0.4561138153076172
182,0.9657859802246094,0.09411583095788956,0.9541584849357605,0.12229695916175842,0.2164127677679062,0.9166901111602783,0.2945675551891327,0.9424430131912231,0.1516280621290207,0.44619548320770264
183,0.9672987461090088,0.09200607985258102,0.9530502557754517,0.12345967441797256,0.2154657244682312,0.9166901111602783,0.31688356399536133,0.951379120349884,0.12744413316249847,0.44432777166366577
184,0.9670525193214417,0.09204450249671936,0.9544047117233276,0.12190379947423935,0.21394836902618408,0.9120461344718933,0.3049941062927246,0.9477906227111816,0.13282954692840576,0.4378235638141632
185,0.9702715873718262,0.08459684997797012,0.9549676179885864,0.11821199953556061,0.2028089314699173,0.9158457517623901,0.29311707615852356,0.9516605734825134,0.12945617735385895,0.422573447227478
186,0.9691810011863708,0.0876212865114212,0.9546509981155396,0.12087029963731766,0.20849169790744781,0.9131016135215759,0.30438607931137085,0.9491274952888489,0.13641440868377686,0.44080060720443726
187,0.9688291549682617,0.08757290989160538,0.9543695449829102,0.12062988430261612,0.2082027941942215,0.9222487807273865,0.2936352789402008,0.9521530866622925,0.1279325932264328,0.4215678572654724
188,0.970711350440979,0.08355484157800674,0.9543519616127014,0.12013094872236252,0.2036857008934021,0.915423572063446,0.29336291551589966,0.9522938132286072,0.12724900245666504,0.42061200737953186
189,0.9689347147941589,0.08638184517621994,0.9550204277038574,0.12000898271799088,0.20639078319072723,0.9188010096549988,0.31395405530929565,0.9524345397949219,0.1256638914346695,0.43961793184280396
190,0.97076416015625,0.08179207891225815,0.9545982480049133,0.11928906291723251,0.20108120143413544,0.9180973768234253,0.2958567142486572,0.948142409324646,0.1336524486541748,0.4295090436935425
191,0.9726111888885498,0.07929136604070663,0.9550555944442749,0.11748814582824707,0.19677938520908356,0.910779595375061,0.31557783484458923,0.9470165967941284,0.13651403784751892,0.45209187269210815
192,0.9698494076728821,0.08446244150400162,0.955477774143219,0.11851931363344193,0.20298168063163757,0.9199972152709961,0.31886640191078186,0.9508865475654602,0.13009509444236755,0.4489615559577942
193,0.9717492461204529,0.07920986413955688,0.954862117767334,0.11880006641149521,0.1980098932981491,0.918167769908905,0.3198971152305603,0.9458907842636108,0.1382671743631363,0.458164244890213
194,0.9733499884605408,0.07586663961410522,0.9538946151733398,0.11964385956525803,0.19551052153110504,0.9151421189308167,0.31590601801872253,0.9497607946395874,0.132835254073143,0.44874128699302673
195,0.9737194180488586,0.07485003024339676,0.9541584849357605,0.12077408283948898,0.19562411308288574,0.9170419573783875,0.3077055513858795,0.9482128024101257,0.13354554772377014,0.44125109910964966
196,0.9734203219413757,0.0753960981965065,0.9558471441268921,0.11555079370737076,0.1909467577934265,0.9164790511131287,0.3083297312259674,0.9537010788917542,0.12398882210254669,0.43231838941574097
197,0.9724704623222351,0.07552223652601242,0.9547741413116455,0.11663775146007538,0.1921599954366684,0.9188714027404785,0.31725379824638367,0.9498311281204224,0.13335639238357544,0.45061028003692627
198,0.9718195796012878,0.07831394672393799,0.9556888341903687,0.1170644611120224,0.19537858664989471,0.9204897284507751,0.3204653263092041,0.9525049328804016,0.12487072497606277,0.44533613324165344
199,0.9749859571456909,0.0696641057729721,0.9560758471488953,0.11565834283828735,0.18532238900661469,0.9212636947631836,0.3013669550418854,0.9475091695785522,0.13705585896968842,0.43842288851737976
200,0.9741239547729492,0.07393823564052582,0.9562869668006897,0.11519505083560944,0.18913336098194122,0.9187306761741638,0.31675776839256287,0.9418801069259644,0.14445297420024872,0.461210697889328
201,0.9767450094223022,0.06648064404726028,0.9569729566574097,0.11424608528614044,0.1807268261909485,0.9208415150642395,0.32065460085868835,0.9532085657119751,0.12400168180465698,0.4446561932563782
202,0.9755312204360962,0.06994402408599854,0.9555656909942627,0.11717315018177032,0.187117338180542,0.9137348532676697,0.333558589220047,0.9330143332481384,0.16881191730499268,0.5023705959320068
203,0.9769384860992432,0.06670502573251724,0.9566035866737366,0.11380274593830109,0.18050773441791534,0.9177455902099609,0.32168319821357727,0.9489164352416992,0.1351172775030136,0.4568004310131073
204,0.9767977595329285,0.0674954503774643,0.9553722143173218,0.1159108355641365,0.1834062784910202,0.9199972152709961,0.3343217670917511,0.9541232585906982,0.1220695748925209,0.456391304731369
205,0.9754080772399902,0.06951823830604553,0.9551259279251099,0.11629331111907959,0.1858115792274475,0.9211933612823486,0.33407023549079895,0.9487757086753845,0.13149353861808777,0.4655638039112091
206,0.9785744547843933,0.06154631823301315,0.95676189661026,0.11275175958871841,0.17429804801940918,0.9197157621383667,0.3188404142856598,0.9521530866622925,0.1254078894853592,0.4442481994628906
207,0.9747924208641052,0.06822539120912552,0.957500696182251,0.11284845322370529,0.181073859333992,0.9158457517623901,0.31429076194763184,0.9506050944328308,0.12768052518367767,0.44197115302085876
208,0.9785392880439758,0.061009153723716736,0.9575534462928772,0.11122289299964905,0.17223195731639862,0.9207007884979248,0.3200537860393524,0.9525049328804016,0.1264275461435318,0.4464814066886902
209,0.9801400303840637,0.05788901820778847,0.9566739201545715,0.1138157844543457,0.17170490324497223,0.9145088791847229,0.3317165672779083,0.9417393803596497,0.15135809779167175,0.48307472467422485
210,0.9776772856712341,0.06288466602563858,0.9566211700439453,0.11304637789726257,0.17593100666999817,0.9205600619316101,0.32995134592056274,0.9506050944328308,0.12908248603343964,0.4590337574481964
211,0.9769560694694519,0.06501099467277527,0.9574127793312073,0.11182917654514313,0.1768401861190796,0.9133830666542053,0.33067119121551514,0.9521530866622925,0.12804286181926727,0.45871391892433167
212,0.9811954498291016,0.05421985313296318,0.9578173160552979,0.11080077290534973,0.16502059996128082,0.9216155409812927,0.3291042149066925,0.9554601907730103,0.1191839650273323,0.44828805327415466
213,0.9781346917152405,0.06101199612021446,0.9581515789031982,0.11108323186635971,0.1720951944589615,0.9159864783287048,0.335121214389801,0.9543343782424927,0.12089863419532776,0.4560198187828064
214,0.9814593195915222,0.05468182638287544,0.9573423862457275,0.11201746016740799,0.16669930517673492,0.9155642986297607,0.357379674911499,0.9524345397949219,0.1266787052154541,0.48405829071998596
215,0.9798234105110168,0.05698462575674057,0.9565507769584656,0.11365831643342972,0.17064283788204193,0.9203490018844604,0.3284871280193329,0.943428099155426,0.1435258835554123,0.47201302647590637
216,0.9820398092269897,0.052488088607788086,0.9579932689666748,0.11104267090559006,0.16353079676628113,0.9184492230415344,0.33767735958099365,0.9509569406509399,0.1293106973171234,0.46698811650276184
217,0.9799465537071228,0.05678097903728485,0.9572544097900391,0.11169114708900452,0.16847212612628937,0.9161975979804993,0.3495641350746155,0.9525752663612366,0.1263076215982437,0.4758716821670532
218,0.98128342628479,0.05279417335987091,0.9586265087127686,0.1095295324921608,0.16232381761074066,0.9127497673034668,0.35520508885383606,0.9509569406509399,0.1333320587873459,0.48853716254234314
219,0.9819694757461548,0.052642956376075745,0.9592245817184448,0.10839788615703583,0.16104082763195038,0.921545147895813,0.34219589829444885,0.9530678391456604,0.12295491248369217,0.4651508033275604
220,0.9803159236907959,0.05577736720442772,0.9573248028755188,0.11011951416730881,0.165896937251091,0.9109907150268555,0.3561538755893707,0.9399803280830383,0.1543193757534027,0.5104734897613525
221,0.9811954498291016,0.05268852040171623,0.9575534462928772,0.11226944625377655,0.1649579256772995,0.9178159236907959,0.3333930969238281,0.9510272741317749,0.12952792644500732,0.46292102336883545
222,0.9805446267127991,0.05510173365473747,0.9584154486656189,0.10935050994157791,0.16445223987102509,0.9119758009910583,0.3668140470981598,0.9508162140846252,0.12767420709133148,0.49448832869529724
223,0.9809139966964722,0.053382910788059235,0.9583274722099304,0.10849545150995255,0.1618782877922058,0.9160568714141846,0.3631305396556854,0.9527159929275513,0.12395783513784409,0.48708823323249817
224,0.9843618273735046,0.0453830361366272,0.9585737586021423,0.1091318130493164,0.1545148491859436,0.9161975979804993,0.3655261993408203,0.9532788991928101,0.1245265081524849,0.49005258083343506
225,0.9833943247795105,0.04691145196557045,0.9597523212432861,0.10713575780391693,0.15404726564884186,0.9184492230415344,0.3463385999202728,0.952786386013031,0.12780556082725525,0.47414401173591614
226,0.9830248951911926,0.04805384948849678,0.9599634408950806,0.10516396164894104,0.15321773290634155,0.9140866994857788,0.3807694613933563,0.9536307454109192,0.12166667729616165,0.5024361610412598
227,0.9851533770561218,0.04407396540045738,0.9585209488868713,0.10801654309034348,0.15209050476551056,0.9172530174255371,0.3488045930862427,0.946735143661499,0.13806889951229095,0.4868735373020172
228,0.9845553040504456,0.04586251452565193,0.958714485168457,0.10840770602226257,0.1542702615261078,0.9209822416305542,0.3515775203704834,0.9484942555427551,0.1325055956840515,0.4840831756591797
229,0.9832711815834045,0.04770342633128166,0.9582394957542419,0.10875561088323593,0.15645894408226013,0.9189417362213135,0.3847944438457489,0.9496200680732727,0.13041843473911285,0.5152128338813782
230,0.9835350513458252,0.04707328602671623,0.9590486884117126,0.10818954557180405,0.15526297688484192,0.919575035572052,0.3584107458591461,0.9540529251098633,0.12260303646326065,0.4810137450695038
231,0.9863671660423279,0.041649769991636276,0.9586792588233948,0.10781827569007874,0.14946803450584412,0.916338324546814,0.3777373135089874,0.9504643678665161,0.13037165999412537,0.5081088542938232
232,0.9859801530838013,0.041273169219493866,0.9601041078567505,0.10660538077354431,0.1478785127401352,0.918167769908905,0.37625765800476074,0.9547565579414368,0.1200874000787735,0.4963448643684387
233,0.9828490018844604,0.04890301823616028,0.9590838551521301,0.10542301088571548,0.15432611107826233,0.9159161448478699,0.379520446062088,0.9508162140846252,0.12555478513240814,0.5050751566886902
234,0.9809492230415344,0.055483102798461914,0.9606318473815918,0.10464353859424591,0.16012659668922424,0.9154939651489258,0.397987425327301,0.9515901803970337,0.12441235780715942,0.5223999619483948
235,0.9884780645370483,0.035468075424432755,0.9602800607681274,0.10425985604524612,0.13972795009613037,0.9240078926086426,0.3604609966278076,0.9548268914222717,0.11905510723590851,0.47951608896255493
236,0.9834119081497192,0.04547686129808426,0.9595588445663452,0.10510881245136261,0.15058565139770508,0.9216155409812927,0.3606065511703491,0.9548972845077515,0.11974885314702988,0.48035550117492676
237,0.9885308146476746,0.035459116101264954,0.9601745009422302,0.10457547008991241,0.1400345414876938,0.9103574156761169,0.3700854182243347,0.9493386149406433,0.13150498270988464,0.5015904307365417
238,0.9818639159202576,0.04940662160515785,0.9601745009422302,0.10542316734790802,0.15482980012893677,0.9192231893539429,0.3893459439277649,0.9470165967941284,0.13864612579345703,0.5279921293258667
239,0.9907824397087097,0.030375584959983826,0.9606670141220093,0.10487520694732666,0.1352507472038269,0.9190824627876282,0.366862416267395,0.9562341570854187,0.11564288288354874,0.4825054109096527
240,0.9837813377380371,0.04546157643198967,0.9599282145500183,0.10467823594808578,0.15013976395130157,0.9145088791847229,0.3702179789543152,0.9489164352416992,0.1298684924840927,0.5000864267349243
241,0.9886363744735718,0.03446217253804207,0.9603152275085449,0.10458448529243469,0.13904669880867004,0.921474814414978,0.3788347840309143,0.9551083445549011,0.1182466670870781,0.4970813989639282
242,0.9889354109764099,0.03362857177853584,0.9606670141220093,0.1040572002530098,0.13768571615219116,0.9235857129096985,0.3782901167869568,0.9584154486656189,0.11533915251493454,0.4936293661594391
243,0.9842562675476074,0.045052893459796906,0.9609484672546387,0.10271317511796951,0.14776603877544403,0.9061356782913208,0.44722992181777954,0.9551083445549011,0.11893419921398163,0.5661640763282776
244,0.9854348301887512,0.04145071655511856,0.9613003134727478,0.10320241749286652,0.14465314149856567,0.9188714027404785,0.40295132994651794,0.9537010788917542,0.11986106634140015,0.5228121280670166
245,0.9900436401367188,0.03210700303316116,0.9616697430610657,0.101467564702034,0.13357459008693695,0.9188010096549988,0.3631553649902344,0.9362510442733765,0.15796874463558197,0.521124005317688
246,0.9877920150756836,0.03557303920388222,0.9602624773979187,0.10389424115419388,0.13946732878684998,0.9173937439918518,0.42554593086242676,0.9506754875183105,0.12806229293346405,0.5536079406738281
247,0.9875457286834717,0.03761722147464752,0.961405873298645,0.10175511240959167,0.1393723338842392,0.9142977595329285,0.4199678301811218,0.9563045501708984,0.11565887182950974,0.5356267690658569
248,0.9862264394760132,0.03887186199426651,0.9616521000862122,0.10142389684915543,0.14029574394226074,0.9120461344718933,0.42038971185684204,0.9553897976875305,0.11674286425113678,0.5371325612068176
249,0.9885308146476746,0.03519359976053238,0.9613882899284363,0.10180002450942993,0.1369936615228653,0.918167769908905,0.38559606671333313,0.9501829147338867,0.12763360142707825,0.5132297277450562
250,0.9898677468299866,0.03108374960720539,0.960860550403595,0.10224378854036331,0.13332751393318176,0.9185899496078491,0.39164409041404724,0.9570785164833069,0.11666280031204224,0.5083069801330566
251,0.985382080078125,0.040548261255025864,0.9616521000862122,0.10129494220018387,0.14184314012527466,0.9146496057510376,0.38565224409103394,0.9545454382896423,0.1206558346748352,0.5063079595565796
252,0.9907296895980835,0.02889592945575714,0.9618456363677979,0.10047700256109238,0.1293729990720749,0.9142274260520935,0.4127323031425476,0.9564452767372131,0.11435346305370331,0.5270857214927673
253,0.9896214604377747,0.03193053603172302,0.9625844359397888,0.10112234205007553,0.13305294513702393,0.9143681526184082,0.4077434539794922,0.9580636024475098,0.11019114404916763,0.5179345011711121
254,0.9856283664703369,0.03941110894083977,0.962813138961792,0.09963720291852951,0.13904839754104614,0.9180270433425903,0.4374455213546753,0.9598227143287659,0.11068803071975708,0.5481335520744324
255,0.9888474345207214,0.032965466380119324,0.9612123370170593,0.09953528642654419,0.13250082731246948,0.9176048636436462,0.44236958026885986,0.9580636024475098,0.11189795285463333,0.5542675256729126
256,0.992119312286377,0.026934711262583733,0.9620742797851562,0.09981556981801987,0.12675020098686218,0.9162679314613342,0.39402979612350464,0.957500696182251,0.11561340093612671,0.5096433162689209
257,0.9877920150756836,0.03576936200261116,0.9621095061302185,0.09831371903419495,0.13408303260803223,0.9188010096549988,0.4171448051929474,0.9573599696159363,0.11418025940656662,0.5313249826431274
258,0.9814241528511047,0.05100705847144127,0.9623557329177856,0.1000724732875824,0.15107950568199158,0.9189417362213135,0.3999333679676056,0.9565156102180481,0.11574295908212662,0.5156763792037964
259,0.9928405284881592,0.0246039517223835,0.9635695219039917,0.09771586954593658,0.1223197802901268,0.9206304550170898,0.3855222463607788,0.9570785164833069,0.11453256756067276,0.5000548958778381
260,0.9913629293441772,0.02748720347881317,0.9621622562408447,0.09962528198957443,0.12711243331432343,0.9216858744621277,0.40332573652267456,0.9498311281204224,0.13032381236553192,0.5336495041847229
261,0.9842914342880249,0.04397810623049736,0.9629538655281067,0.0984705239534378,0.14244860410690308,0.913594126701355,0.4124699532985687,0.9522938132286072,0.12345737963914871,0.535927414894104
262,0.9915916323661804,0.026511112228035927,0.9627954959869385,0.09808776527643204,0.1245989054441452,0.9126794338226318,0.4274289906024933,0.952786386013031,0.12138669192790985,0.5488154888153076
263,0.9938080310821533,0.020950794219970703,0.9633584022521973,0.09613587707281113,0.1170867532491684,0.9217562675476074,0.4148866534233093,0.9580636024475098,0.1134861409664154,0.5283728241920471
264,0.9860681295394897,0.039791498333215714,0.9620919227600098,0.09960233420133591,0.1393938958644867,0.9173937439918518,0.40965989232063293,0.9517309069633484,0.12605871260166168,0.5357187390327454
265,0.9905009865760803,0.028770577162504196,0.9638158082962036,0.09614492207765579,0.1249154731631279,0.91352379322052,0.4247165024280548,0.9581339955329895,0.112249456346035,0.5369658470153809
266,0.9894983172416687,0.03077061101794243,0.9629714488983154,0.09857463836669922,0.12934520840644836,0.9192935824394226,0.41783758997917175,0.9567267298698425,0.11303692311048508,0.5308743715286255
267,0.9871763586997986,0.03714945167303085,0.963551938533783,0.09556805342435837,0.13271743059158325,0.9051505923271179,0.43740516901016235,0.952856719493866,0.12927432358264923,0.5666795372962952
268,0.9921897053718567,0.025543825700879097,0.9628483057022095,0.09881588071584702,0.12435974180698395,0.9213340878486633,0.43036526441574097,0.9578525424003601,0.11543737351894379,0.5458027124404907
269,0.9931043982505798,0.022343318909406662,0.9626724123954773,0.09652592241764069,0.11886922270059586,0.9190121293067932,0.4086366295814514,0.9603152275085449,0.11053653806447983,0.5191730856895447
270,0.9891113042831421,0.03433481603860855,0.964097261428833,0.09581687301397324,0.1301516592502594,0.9137348532676697,0.4735427498817444,0.9557416439056396,0.11894872784614563,0.5924914479255676
271,0.9852941036224365,0.04093712195754051,0.9638333916664124,0.09583692997694016,0.13677412271499634,0.9185195565223694,0.4262828230857849,0.9546158313751221,0.12043950706720352,0.5467222332954407
272,0.996024489402771,0.01574280858039856,0.9644314646720886,0.0954471305012703,0.11118994653224945,0.9223191738128662,0.40508630871772766,0.9506050944328308,0.12866641581058502,0.5337527394294739
273,0.9954439997673035,0.01636509597301483,0.9636046886444092,0.09638494998216629,0.11274998635053635,0.9154939651489258,0.4363473653793335,0.9581339955329895,0.11077205836772919,0.5471193790435791
274,0.9829369783401489,0.04706782475113869,0.9642907381057739,0.09495730698108673,0.14202505350112915,0.9227413535118103,0.437472403049469,0.9559527039527893,0.11780821532011032,0.5552806854248047
275,0.9915036559104919,0.0277396347373724,0.9626020193099976,0.09684035927057266,0.12458004057407379,0.9203490018844604,0.43012118339538574,0.9569377899169922,0.11751195788383484,0.5476334095001221
276,0.9883900880813599,0.03293498232960701,0.9637102484703064,0.09489386528730392,0.12782888114452362,0.9177455902099609,0.44786468148231506,0.9553194642066956,0.11832256615161896,0.5661872029304504
277,0.9945996403694153,0.019138915464282036,0.9637102484703064,0.094947949051857,0.11408692598342896,0.9209119081497192,0.4246366024017334,0.9589783549308777,0.11471539735794067,0.539352297782898
278,0.9975724816322327,0.012011385522782803,0.9635695219039917,0.09576146304607391,0.1077728420495987,0.915001392364502,0.4512881934642792,0.9539825320243835,0.12152812629938126,0.5728165507316589
279,0.9805270433425903,0.054920557886362076,0.9633936285972595,0.09443943947553635,0.14936000108718872,0.9232338666915894,0.41472509503364563,0.9572192430496216,0.11325044929981232,0.5279755592346191
280,0.9964818358421326,0.014870500192046165,0.966243326663971,0.09115885198116302,0.10602922737598419,0.9218266010284424,0.41948941349983215,0.9600337743759155,0.10628020018339157,0.5257695913314819
281,0.9928933382034302,0.02329709567129612,0.9646249413490295,0.0946330651640892,0.11793017387390137,0.9176751971244812,0.45875364542007446,0.9582043290138245,0.11223843693733215,0.5709919333457947
282,0.9875633120536804,0.0340309664607048,0.9645018577575684,0.09333064407110214,0.12736156582832336,0.9203490018844604,0.4203447997570038,0.9570081830024719,0.1138996034860611,0.5342445373535156
283,0.9881262183189392,0.034582242369651794,0.9659090638160706,0.09183443337678909,0.12641669809818268,0.9204897284507751,0.42381778359413147,0.9561638236045837,0.11849048733711243,0.5423080921173096
284,0.997977077960968,0.01060258224606514,0.9641148447990417,0.0933191329240799,0.10392163693904877,0.9221784472465515,0.42495888471603394,0.9585561752319336,0.11238083243370056,0.5373395681381226
285,0.9870356321334839,0.0385894849896431,0.9655748605728149,0.09205437451601028,0.1306437999010086,0.9131016135215759,0.47682368755340576,0.9564452767372131,0.11925272643566132,0.5960763096809387
286,0.9896390438079834,0.030008457601070404,0.9652934074401855,0.09332291781902313,0.12333130836486816,0.9216858744621277,0.45072945952415466,0.9598227143287659,0.10842348635196686,0.5591527819633484
287,0.9984871745109558,0.009395751170814037,0.9657859802246094,0.09051389247179031,0.0999097004532814,0.9237264394760132,0.4228464663028717,0.9572896361351013,0.11568468064069748,0.5385311245918274
288,0.979330837726593,0.06150597706437111,0.9656276106834412,0.09216545522212982,0.15367141366004944,0.9132423400878906,0.4461222290992737,0.9583450555801392,0.11317167431116104,0.5592938661575317
289,0.9967281222343445,0.013456321321427822,0.9659090638160706,0.09107112139463425,0.10452748090028763,0.9239374995231628,0.42644068598747253,0.9586265087127686,0.11808019876480103,0.5445206761360168
290,0.9973965883255005,0.011918781325221062,0.9648184776306152,0.0924379825592041,0.10435675829648972,0.9214044213294983,0.48589906096458435,0.9605966806411743,0.10726910084486008,0.5931681990623474
291,0.9866134524345398,0.03961089625954628,0.9664368033409119,0.08961561322212219,0.12922661006450653,0.9180973768234253,0.44556233286857605,0.9551083445549011,0.11861509829759598,0.564177393913269
292,0.9957606196403503,0.015563718974590302,0.966120183467865,0.0906863808631897,0.10625018179416656,0.924289345741272,0.4330885708332062,0.9562341570854187,0.11953720450401306,0.5526258945465088
293,0.995408833026886,0.017224803566932678,0.9651702642440796,0.09198565781116486,0.10921043157577515,0.911694347858429,0.5143805146217346,0.9592598080635071,0.10989009588956833,0.6242707967758179
294,0.9847311973571777,0.04123638942837715,0.9657507538795471,0.0910615548491478,0.13229794800281525,0.908387303352356,0.48263630270957947,0.956023097038269,0.11694177240133286,0.5995780229568481
295,0.9935265779495239,0.020813962444663048,0.9662784934043884,0.08956301212310791,0.1103770062327385,0.9210526347160339,0.5089108943939209,0.9567267298698425,0.11473236232995987,0.6236433386802673
296,0.9910287261009216,0.02698547951877117,0.9662784934043884,0.08937434107065201,0.11635982990264893,0.9188010096549988,0.4753631353378296,0.9604559540748596,0.10662123560905457,0.5819844007492065
297,0.991310179233551,0.025187214836478233,0.9659267067909241,0.08919015526771545,0.11437735706567764,0.9148606657981873,0.5205010771751404,0.9487757086753845,0.1381383091211319,0.6586392521858215
